<?xml version="1.0" encoding="UTF-8"?>
<!-- Generated by org.testng.reporters.JUnitReportReporter -->
<testsuite hostname="Lenovo-PC" name="AssessrtionPractice.TestParameter" tests="2" failures="0" timestamp="28 Sep 2020 10:29:53 GMT" time="0.002" errors="0">
  <testcase name="testCaseOne" time="0.001" classname="AssessrtionPractice.TestParameter"/>
  <testcase name="testCaseTwo" time="0.001" classname="AssessrtionPractice.TestParameter"/>
</testsuite> <!-- AssessrtionPractice.TestParameter -->
