<?xml version="1.0" encoding="UTF-8"?>
<!-- Generated by org.testng.reporters.JUnitReportReporter -->
<testsuite skipped="0" hostname="Lenovo-PC" name="DataProviderPractice.DataProviderExample" tests="3" failures="0" timestamp="2021-04-30T18:41:41 IST" time="0.222" errors="0">
  <testcase name="CommonScenario" time="0.200" classname="DataProviderPractice.DataProviderExample"/>
  <system-out/>
  <testcase name="Scenario2" time="0.014" classname="DataProviderPractice.DataProviderExample"/>
  <system-out/>
  <testcase name="Scenario1" time="0.008" classname="DataProviderPractice.DataProviderExample"/>
  <system-out/>
</testsuite> <!-- DataProviderPractice.DataProviderExample -->
