<?xml version="1.0" encoding="UTF-8"?>
<!-- Generated by org.testng.reporters.JUnitReportReporter -->
<testsuite skipped="0" hostname="Lenovo-PC" name="executionOrder.AnnotationTest" tests="3" failures="0" timestamp="2021-04-30T18:52:13 IST" time="0.017" errors="0">
  <testcase name="first" time="0.012" classname="executionOrder.AnnotationTest"/>
  <system-out/>
  <testcase name="third" time="0.003" classname="executionOrder.AnnotationTest"/>
  <system-out/>
  <testcase name="second" time="0.002" classname="executionOrder.AnnotationTest"/>
  <system-out/>
</testsuite> <!-- executionOrder.AnnotationTest -->
