<?xml version="1.0" encoding="UTF-8"?>
<!-- Generated by org.testng.reporters.JUnitReportReporter -->
<testsuite hostname="Lenovo-PC" name="FaceBookProfileTest" tests="2" failures="0" timestamp="21 Sep 2020 05:40:40 GMT" time="0.003" errors="0">
  <testcase name="checkProfileLogo" time="0.002" classname="FaceBookProfileTest"/>
  <testcase name="checkProfileLink" time="0.001" classname="FaceBookProfileTest"/>
</testsuite> <!-- FaceBookProfileTest -->
