<?xml version="1.0" encoding="UTF-8"?>
<!-- Generated by org.testng.reporters.JUnitReportReporter -->
<testsuite hostname="Lenovo-PC" name="facebookLogin" tests="3" failures="0" timestamp="21 Sep 2020 05:40:40 GMT" time="0.105" errors="0">
  <testcase name="withInvalidUsername" time="0.005" classname="facebookLogin"/>
  <testcase name="withInvalidCredentials" time="0.098" classname="facebookLogin"/>
  <testcase name="withvalidCredentials" time="0.002" classname="facebookLogin"/>
</testsuite> <!-- facebookLogin -->
