<?xml version="1.0" encoding="UTF-8"?>
<!-- Generated by org.testng.reporters.JUnitReportReporter -->
<testsuite hostname="Lenovo-PC" name="DataProviderPractice.DataProviderIntegration" tests="1" failures="0" timestamp="28 Sep 2020 10:29:53 GMT" time="0.001" errors="0">
  <testcase name="integration" time="0.001" classname="DataProviderPractice.DataProviderIntegration"/>
</testsuite> <!-- DataProviderPractice.DataProviderIntegration -->
